<?xml version="1.0" encoding="UTF-8"?>
<testsuite name="MainKtTest" tests="1" skipped="0" failures="0" errors="0" timestamp="2021-03-20T09:26:08" hostname="CEMYA" time="0.077">
  <properties/>
  <testcase name="printMyAmountÐ¡ommission_VisaMirTest" classname="MainKtTest" time="0.077"/>
  <system-out><![CDATA[]]></system-out>
  <system-err><![CDATA[]]></system-err>
</testsuite>
