<?xml version="1.0" encoding="UTF-8"?>
<testsuite name="MainKtTest" tests="7" skipped="0" failures="0" errors="0" timestamp="2021-03-20T13:41:00" hostname="CEMYA" time="0.251">
  <properties/>
  <testcase name="giveMyVisaMir_testInInterval" classname="MainKtTest" time="0.18"/>
  <testcase name="giveMyVisaMir_testOutOfInterval" classname="MainKtTest" time="0.001"/>
  <testcase name="giveMyMasterCardMaestro_testOutOfInterval" classname="MainKtTest" time="0.001"/>
  <testcase name="printMyAmountСommission_MasterMaestroTest" classname="MainKtTest" time="0.001"/>
  <testcase name="printMyAmountСommission_VisaMirTest" classname="MainKtTest" time="0.0"/>
  <testcase name="printMyAmountСommission_VKTest" classname="MainKtTest" time="0.001"/>
  <testcase name="giveMyMasterCardMaestro_testInInterval" classname="MainKtTest" time="0.001"/>
  <system-out><![CDATA[]]></system-out>
  <system-err><![CDATA[]]></system-err>
</testsuite>
